<?xml version="1.0" encoding="UTF-8"?>
<!-- Generated by org.testng.reporters.JUnitReportReporter -->
<testsuite skipped="0" hostname="PC-PC" name="crud.Results" tests="1" failures="0" timestamp="28 Jun 2018 07:49:01 GMT" time="26.735" errors="0">
  <testcase name="admin" time="26.735" classname="crud.Results"/>
</testsuite> <!-- crud.Results -->
