<?xml version="1.0" encoding="UTF-8"?>
<!-- Generated by org.testng.reporters.JUnitReportReporter -->
<testsuite skipped="0" hostname="PC-PC" name="keywordframework.CompareExcel" tests="1" failures="0" timestamp="26 Jun 2018 09:48:55 GMT" time="9.817" errors="0">
  <testcase name="invok" time="9.817" classname="keywordframework.CompareExcel"/>
</testsuite> <!-- keywordframework.CompareExcel -->
