<?xml version="1.0" encoding="UTF-8"?>
<!-- Generated by org.testng.reporters.JUnitReportReporter -->
<testsuite skipped="0" hostname="PC-PC" name="crud.User" tests="1" failures="0" timestamp="28 Jun 2018 10:19:11 GMT" time="15.140" errors="0">
  <testcase name="marks" time="15.140" classname="crud.User"/>
</testsuite> <!-- crud.User -->
