<?xml version="1.0" encoding="UTF-8"?>
<!-- Generated by org.testng.reporters.JUnitReportReporter -->
<testsuite skipped="0" hostname="PC-PC" name="crud.Users" tests="1" failures="0" timestamp="05 Jul 2018 07:33:07 GMT" time="17.912" errors="0">
  <testcase name="app" time="17.912" classname="crud.Users"/>
</testsuite> <!-- crud.Users -->
