<?xml version="1.0" encoding="UTF-8"?>
<!-- Generated by org.testng.reporters.JUnitReportReporter -->
<testsuite skipped="0" hostname="PC-PC" name="keywordframework.ExecutionCode" tests="1" failures="0" timestamp="11 Jul 2018 08:12:41 GMT" time="15.263" errors="0">
  <testcase name="m1" time="15.263" classname="keywordframework.ExecutionCode"/>
</testsuite> <!-- keywordframework.ExecutionCode -->
