<?xml version="1.0" encoding="UTF-8"?>
<!-- Generated by org.testng.reporters.JUnitReportReporter -->
<testsuite skipped="0" hostname="PC-PC" name="crud.AdminAprove" tests="1" failures="0" timestamp="05 Jul 2018 08:19:13 GMT" time="10.185" errors="0">
  <testcase name="admin" time="10.185" classname="crud.AdminAprove"/>
</testsuite> <!-- crud.AdminAprove -->
